<?xml version="1.0" encoding="UTF-8"?>
<!-- Generated by org.testng.reporters.JUnitXMLReporter -->
<testsuite hostname="US1255154W1" name="Surefire test" tests="25" failures="0" timestamp="20 Aug 2019 17:41:10 GMT" time="10.127" errors="0">
  <testcase name="handleException on handleException(com.ey.springboot.web.controller.ErrorControllerTest)" time="0.011" classname="com.ey.springboot.web.controller.ErrorControllerTest"/>
  <testcase name="showTodos on showTodos(com.ey.springboot.web.controller.TodoControllerTest)" time="0.0" classname="com.ey.springboot.web.controller.TodoControllerTest"/>
  <testcase name="addTodo on addTodo(com.ey.springboot.web.controller.TodoControllerTest)" time="0.0" classname="com.ey.springboot.web.controller.TodoControllerTest"/>
  <testcase name="updateTodo on updateTodo(com.ey.springboot.web.controller.TodoControllerTest)" time="0.002" classname="com.ey.springboot.web.controller.TodoControllerTest"/>
  <testcase name="initBinder on initBinder(com.ey.springboot.web.controller.TodoControllerTest)" time="0.0" classname="com.ey.springboot.web.controller.TodoControllerTest"/>
  <testcase name="showAddTodoPage on showAddTodoPage(com.ey.springboot.web.controller.TodoControllerTest)" time="0.0" classname="com.ey.springboot.web.controller.TodoControllerTest"/>
  <testcase name="showUpdateTodoPage on showUpdateTodoPage(com.ey.springboot.web.controller.TodoControllerTest)" time="0.0" classname="com.ey.springboot.web.controller.TodoControllerTest"/>
  <testcase name="deleteTodo on deleteTodo(com.ey.springboot.web.controller.TodoControllerTest)" time="0.0" classname="com.ey.springboot.web.controller.TodoControllerTest"/>
  <testcase name="showWelcomePage on showWelcomePage(com.ey.springboot.web.controller.WelcomeControllerTest)" time="0.0" classname="com.ey.springboot.web.controller.WelcomeControllerTest"/>
  <testcase name="isDone on isDone(com.ey.springboot.web.model.TodoTest)" time="0.0" classname="com.ey.springboot.web.model.TodoTest"/>
  <testcase name="getDesc on getDesc(com.ey.springboot.web.model.TodoTest)" time="0.0" classname="com.ey.springboot.web.model.TodoTest"/>
  <testcase name="getUser on getUser(com.ey.springboot.web.model.TodoTest)" time="0.0" classname="com.ey.springboot.web.model.TodoTest"/>
  <testcase name="getId on getId(com.ey.springboot.web.model.TodoTest)" time="0.0" classname="com.ey.springboot.web.model.TodoTest"/>
  <testcase name="setId on setId(com.ey.springboot.web.model.TodoTest)" time="0.0" classname="com.ey.springboot.web.model.TodoTest"/>
  <testcase name="getTargetDate on getTargetDate(com.ey.springboot.web.model.TodoTest)" time="0.0" classname="com.ey.springboot.web.model.TodoTest"/>
  <testcase name="setTargetDate on setTargetDate(com.ey.springboot.web.model.TodoTest)" time="0.0" classname="com.ey.springboot.web.model.TodoTest"/>
  <testcase name="setDesc on setDesc(com.ey.springboot.web.model.TodoTest)" time="0.0" classname="com.ey.springboot.web.model.TodoTest"/>
  <testcase name="setDone on setDone(com.ey.springboot.web.model.TodoTest)" time="0.0" classname="com.ey.springboot.web.model.TodoTest"/>
  <testcase name="setUser on setUser(com.ey.springboot.web.model.TodoTest)" time="0.0" classname="com.ey.springboot.web.model.TodoTest"/>
  <testcase name="addTodo on addTodo(com.ey.springboot.web.service.TodoServiceTest)" time="0.001" classname="com.ey.springboot.web.service.TodoServiceTest"/>
  <testcase name="updateTodo on updateTodo(com.ey.springboot.web.service.TodoServiceTest)" time="0.0" classname="com.ey.springboot.web.service.TodoServiceTest"/>
  <testcase name="retrieveTodo on retrieveTodo(com.ey.springboot.web.service.TodoServiceTest)" time="0.0" classname="com.ey.springboot.web.service.TodoServiceTest"/>
  <testcase name="retrieveTodos on retrieveTodos(com.ey.springboot.web.service.TodoServiceTest)" time="0.0" classname="com.ey.springboot.web.service.TodoServiceTest"/>
  <testcase name="deleteTodo on deleteTodo(com.ey.springboot.web.service.TodoServiceTest)" time="0.0" classname="com.ey.springboot.web.service.TodoServiceTest"/>
  <testcase name="contextLoads on contextLoads(com.ey.springboot.web.SpringWebApplicationTests)" time="0.074" classname="com.ey.springboot.web.SpringWebApplicationTests"/>
</testsuite> <!-- Surefire test -->
