<?xml version="1.0" encoding="UTF-8"?>
<testsuite name="TestSuite" time="0.033" tests="25" errors="0" skipped="0" failures="0">
  <properties>
[...]
</properties>
  <testcase name="contextLoads on contextLoads(com.ey.springboot.web.SpringWebApplicationTests)" classname="com.ey.springboot.web.SpringWebApplicationTests" time="0.024"/>
  <testcase name="showTodos on showTodos(com.ey.springboot.web.controller.TodoControllerTest)" classname="com.ey.springboot.web.controller.TodoControllerTest" time="0"/>
  <testcase name="addTodo on addTodo(com.ey.springboot.web.controller.TodoControllerTest)" classname="com.ey.springboot.web.controller.TodoControllerTest" time="0"/>
  <testcase name="updateTodo on updateTodo(com.ey.springboot.web.controller.TodoControllerTest)" classname="com.ey.springboot.web.controller.TodoControllerTest" time="0"/>
  <testcase name="initBinder on initBinder(com.ey.springboot.web.controller.TodoControllerTest)" classname="com.ey.springboot.web.controller.TodoControllerTest" time="0.001"/>
  <testcase name="showAddTodoPage on showAddTodoPage(com.ey.springboot.web.controller.TodoControllerTest)" classname="com.ey.springboot.web.controller.TodoControllerTest" time="0"/>
  <testcase name="showUpdateTodoPage on showUpdateTodoPage(com.ey.springboot.web.controller.TodoControllerTest)" classname="com.ey.springboot.web.controller.TodoControllerTest" time="0"/>
  <testcase name="deleteTodo on deleteTodo(com.ey.springboot.web.controller.TodoControllerTest)" classname="com.ey.springboot.web.controller.TodoControllerTest" time="0"/>
  <testcase name="showWelcomePage on showWelcomePage(com.ey.springboot.web.controller.WelcomeControllerTest)" classname="com.ey.springboot.web.controller.WelcomeControllerTest" time="0"/>
  <testcase name="handleException on handleException(com.ey.springboot.web.controller.ErrorControllerTest)" classname="com.ey.springboot.web.controller.ErrorControllerTest" time="0.001"/>
  <testcase name="isDone on isDone(com.ey.springboot.web.model.TodoTest)" classname="com.ey.springboot.web.model.TodoTest" time="0"/>
  <testcase name="getDesc on getDesc(com.ey.springboot.web.model.TodoTest)" classname="com.ey.springboot.web.model.TodoTest" time="0.003"/>
  <testcase name="getUser on getUser(com.ey.springboot.web.model.TodoTest)" classname="com.ey.springboot.web.model.TodoTest" time="0"/>
  <testcase name="getId on getId(com.ey.springboot.web.model.TodoTest)" classname="com.ey.springboot.web.model.TodoTest" time="0"/>
  <testcase name="setId on setId(com.ey.springboot.web.model.TodoTest)" classname="com.ey.springboot.web.model.TodoTest" time="0.003"/>
  <testcase name="getTargetDate on getTargetDate(com.ey.springboot.web.model.TodoTest)" classname="com.ey.springboot.web.model.TodoTest" time="0"/>
  <testcase name="setTargetDate on setTargetDate(com.ey.springboot.web.model.TodoTest)" classname="com.ey.springboot.web.model.TodoTest" time="0"/>
  <testcase name="setDesc on setDesc(com.ey.springboot.web.model.TodoTest)" classname="com.ey.springboot.web.model.TodoTest" time="0"/>
  <testcase name="setDone on setDone(com.ey.springboot.web.model.TodoTest)" classname="com.ey.springboot.web.model.TodoTest" time="0"/>
  <testcase name="setUser on setUser(com.ey.springboot.web.model.TodoTest)" classname="com.ey.springboot.web.model.TodoTest" time="0"/>
  <testcase name="addTodo on addTodo(com.ey.springboot.web.service.TodoServiceTest)" classname="com.ey.springboot.web.service.TodoServiceTest" time="0"/>
  <testcase name="updateTodo on updateTodo(com.ey.springboot.web.service.TodoServiceTest)" classname="com.ey.springboot.web.service.TodoServiceTest" time="0.001"/>
  <testcase name="retrieveTodo on retrieveTodo(com.ey.springboot.web.service.TodoServiceTest)" classname="com.ey.springboot.web.service.TodoServiceTest" time="0"/>
  <testcase name="retrieveTodos on retrieveTodos(com.ey.springboot.web.service.TodoServiceTest)" classname="com.ey.springboot.web.service.TodoServiceTest" time="0"/>
  <testcase name="deleteTodo on deleteTodo(com.ey.springboot.web.service.TodoServiceTest)" classname="com.ey.springboot.web.service.TodoServiceTest" time="0"/>
</testsuite>